<?xml version="1.0" encoding="UTF-8"?>
<!-- Generated by org.testng.reporters.JUnitXMLReporter -->
<testsuite ignored="0" hostname="DESKTOP-Q4E5VNR" failures="0" tests="3" name="Surefire test" time="20.104" errors="0" timestamp="2023-02-13T12:43:46 EST">
  <testcase classname="TheScoreGroupId.TheScoreArtifactId.BaseTestFeatures" name="@BeforeClass configureAppium" time="20.07">
    <failure type="io.appium.java_client.service.local.AppiumServerHasNotBeenStartedLocallyException" message="The local appium server has not been started. The given Node.js executable: C:\Program Files\nodejs\node.exe Arguments: [C:\Users\conno\AppData\Roaming\npm\node_modules\appium\build\lib\main.js, --port, 4723, --address, 0.0.0.0] 
Process output: [35m[Appium][39m [31mCommand &amp;apos;npm.cmd --version&amp;apos; exited with code 1[39m

">
      <![CDATA[io.appium.java_client.service.local.AppiumServerHasNotBeenStartedLocallyException: The local appium server has not been started. The given Node.js executable: C:\Program Files\nodejs\node.exe Arguments: [C:\Users\conno\AppData\Roaming\npm\node_modules\appium\build\lib\main.js, --port, 4723, --address, 0.0.0.0] 
Process output: [35m[Appium][39m [31mCommand 'npm.cmd --version' exited with code 1[39m


at io.appium.java_client.service.local.AppiumDriverLocalService.start(AppiumDriverLocalService.java:187)
at TheScoreGroupId.TheScoreArtifactId.BaseTestFeatures.configureAppium(BaseTestFeatures.java:29)
at java.base/java.util.ArrayList.forEach(ArrayList.java:1511)
Caused by: org.openqa.selenium.net.UrlChecker$TimeoutException: Timed out waiting for [http://127.0.0.1:4723/status] to be available after 20016 ms
at org.openqa.selenium.net.UrlChecker.waitUntilAvailable(UrlChecker.java:89)
at io.appium.java_client.service.local.AppiumDriverLocalService.ping(AppiumDriverLocalService.java:152)
at io.appium.java_client.service.local.AppiumDriverLocalService.start(AppiumDriverLocalService.java:174)
... 32 more
Caused by: java.util.concurrent.TimeoutException
at java.base/java.util.concurrent.FutureTask.get(FutureTask.java:204)
at org.openqa.selenium.net.UrlChecker.waitUntilAvailable(UrlChecker.java:87)
... 34 more
... Removed 30 stack frames]]>
    </failure>
  </testcase> <!-- @BeforeClass configureAppium -->
  <testcase classname="TheScoreGroupId.TheScoreArtifactId.BaseTestFeatures" name="@BeforeMethod preSetup" time="0.0">
    <skipped/>
  </testcase> <!-- @BeforeMethod preSetup -->
  <testcase classname="TheScoreGroupId.TheScoreArtifactId.BaseTestFeatures" name="@AfterMethod postSetup" time="0.0">
    <skipped/>
  </testcase> <!-- @AfterMethod postSetup -->
  <testcase classname="TheScoreGroupId.TheScoreArtifactId.BaseTestFeatures" name="@BeforeMethod preSetup" time="0.0">
    <skipped/>
  </testcase> <!-- @BeforeMethod preSetup -->
  <testcase classname="TheScoreGroupId.TheScoreArtifactId.BaseTestFeatures" name="@AfterMethod postSetup" time="0.0">
    <skipped/>
  </testcase> <!-- @AfterMethod postSetup -->
  <testcase classname="TheScoreGroupId.TheScoreArtifactId.BaseTestFeatures" name="@BeforeMethod preSetup" time="0.0">
    <skipped/>
  </testcase> <!-- @BeforeMethod preSetup -->
  <testcase classname="TheScoreGroupId.TheScoreArtifactId.BaseTestFeatures" name="@AfterMethod postSetup" time="0.0">
    <skipped/>
  </testcase> <!-- @AfterMethod postSetup -->
  <testcase classname="TheScoreGroupId.TheScoreArtifactId.BaseTestFeatures" name="@AfterClass tearDown" time="0.0">
    <skipped/>
  </testcase> <!-- @AfterClass tearDown -->
  <testcase classname="TheScoreGroupId.TheScoreArtifactId.TestScript" name="theScoreLeagueSelection" time="0.0">
    <skipped/>
  </testcase> <!-- theScoreLeagueSelection -->
  <testcase classname="TheScoreGroupId.TheScoreArtifactId.TestScript" name="theScoreLeagueSelection" time="0.0">
    <skipped/>
  </testcase> <!-- theScoreLeagueSelection -->
  <testcase classname="TheScoreGroupId.TheScoreArtifactId.TestScript" name="theScoreLeagueSelection" time="0.0">
    <skipped/>
  </testcase> <!-- theScoreLeagueSelection -->
</testsuite> <!-- Surefire test -->
